<?xml version="1.0" encoding="UTF-8"?>
<!-- Generated by org.testng.reporters.JUnitXMLReporter -->
<testsuite hostname="Venu-HP" ignored="0" name="Default test" tests="3" failures="0" timestamp="21 Nov 2018 03:27:04 GMT" time="67.194" errors="0">
  <testcase name="testFacebook" time="5.209" classname="readexcelsheet.dataprovider"/>
  <testcase name="testFacebook" time="4.548" classname="readexcelsheet.dataprovider"/>
  <testcase name="testFacebook" time="4.328" classname="readexcelsheet.dataprovider"/>
</testsuite> <!-- Default test -->
